<?xml version="1.0" encoding="UTF-8"?>
<!-- Generated by org.testng.reporters.JUnitReportReporter -->
<testsuite hostname="SAM" failures="0" tests="1" name="scripts.Test3" time="0.028" errors="0" timestamp="2022-09-12T19:14:58 IST" skipped="0">
  <testcase classname="scripts.Test3" name="tc2" time="0.028"/>
  <system-out>
    <![CDATA[hello pythonselenium]]>
  </system-out>
</testsuite> <!-- scripts.Test3 -->
